[debug] [2021-11-03T12:08:45.269Z] ----------------------------------------------------------------------
[debug] [2021-11-03T12:08:45.271Z] Command:       C:\Program Files\nodejs\node.exe C:\Users\linus\AppData\Roaming\npm\node_modules\firebase-tools\lib\bin\firebase.js emulators:start
[debug] [2021-11-03T12:08:45.271Z] CLI Version:   9.21.0
[debug] [2021-11-03T12:08:45.271Z] Platform:      win32
[debug] [2021-11-03T12:08:45.271Z] Node Version:  v14.18.0
[debug] [2021-11-03T12:08:45.272Z] Time:          Wed Nov 03 2021 17:38:45 GMT+0530 (India Standard Time)
[debug] [2021-11-03T12:08:45.273Z] ----------------------------------------------------------------------
[debug] 
[debug] [2021-11-03T12:08:45.328Z] > command requires scopes: ["email","openid","https://www.googleapis.com/auth/cloudplatformprojects.readonly","https://www.googleapis.com/auth/firebase","https://www.googleapis.com/auth/cloud-platform"]
[debug] [2021-11-03T12:08:45.328Z] > authorizing via signed-in user (linushibu.ls@gmail.com)
[info] i  emulators: Starting emulators: functions {"metadata":{"emulator":{"name":"hub"},"message":"Starting emulators: functions"}}
[debug] [2021-11-03T12:08:45.344Z] [hub] writing locator at C:\Users\linus\AppData\Local\Temp\hub-clone-ec729.json
[warn] !  functions: The following emulators are not running, calls to these services from the Functions emulator will affect production: auth, firestore, database, hosting, pubsub, storage {"metadata":{"emulator":{"name":"functions"},"message":"The following emulators are not running, calls to these services from the Functions emulator will affect production: \u001b[1mauth, firestore, database, hosting, pubsub, storage\u001b[22m"}}
[info] +  functions: Using node@14 from host. {"metadata":{"emulator":{"name":"functions"},"message":"Using node@14 from host."}}
[debug] [2021-11-03T12:08:45.358Z] defaultcredentials: writing to file C:\Users\linus\AppData\Roaming\firebase\linushibu_ls_gmail.com_application_default_credentials.json
[debug] [2021-11-03T12:08:45.359Z] Setting GAC to C:\Users\linus\AppData\Roaming\firebase\linushibu_ls_gmail.com_application_default_credentials.json {"metadata":{"emulator":{"name":"functions"},"message":"Setting GAC to C:\\Users\\linus\\AppData\\Roaming\\firebase\\linushibu_ls_gmail.com_application_default_credentials.json"}}
[debug] [2021-11-03T12:08:45.361Z] > refreshing access token with scopes: []
[debug] [2021-11-03T12:08:45.362Z] >>> HTTP REQUEST POST https://www.googleapis.com/oauth2/v3/token  
 <request body omitted>
[debug] [2021-11-03T12:08:45.597Z] <<< HTTP RESPONSE 200 {"date":"Wed, 03 Nov 2021 12:08:45 GMT","cache-control":"no-cache, no-store, max-age=0, must-revalidate","pragma":"no-cache","expires":"Mon, 01 Jan 1990 00:00:00 GMT","content-type":"application/json; charset=utf-8","vary":"X-Origin, Referer, Origin,Accept-Encoding","server":"scaffolding on HTTPServer2","x-xss-protection":"0","x-frame-options":"SAMEORIGIN","x-content-type-options":"nosniff","alt-svc":"h3=\":443\"; ma=2592000,h3-29=\":443\"; ma=2592000,h3-Q050=\":443\"; ma=2592000,h3-Q046=\":443\"; ma=2592000,h3-Q043=\":443\"; ma=2592000,quic=\":443\"; ma=2592000; v=\"46,43\"","accept-ranges":"none","transfer-encoding":"chunked"}
[debug] [2021-11-03T12:08:45.606Z] >>> [apiv2][query] GET https://firebase.googleapis.com/v1beta1/projects/clone-ec729/adminSdkConfig [none]
[debug] [2021-11-03T12:08:46.070Z] <<< [apiv2][status] GET https://firebase.googleapis.com/v1beta1/projects/clone-ec729/adminSdkConfig 200
[debug] [2021-11-03T12:08:46.070Z] <<< [apiv2][body] GET https://firebase.googleapis.com/v1beta1/projects/clone-ec729/adminSdkConfig {"projectId":"clone-ec729","storageBucket":"clone-ec729.appspot.com","locationId":"asia-south1"}
[debug] [2021-11-03T12:08:46.082Z] Ignoring unsupported arg: auto_download {"metadata":{"emulator":{"name":"ui"},"message":"Ignoring unsupported arg: auto_download"}}
[debug] [2021-11-03T12:08:46.083Z] Ignoring unsupported arg: port {"metadata":{"emulator":{"name":"ui"},"message":"Ignoring unsupported arg: port"}}
[debug] [2021-11-03T12:08:46.083Z] Starting Emulator UI with command {"binary":"node","args":["C:\\Users\\linus\\.cache\\firebase\\emulators\\ui-v1.6.4\\server.bundle.js"],"optionalArgs":[],"joinArgs":false} {"metadata":{"emulator":{"name":"ui"},"message":"Starting Emulator UI with command {\"binary\":\"node\",\"args\":[\"C:\\\\Users\\\\linus\\\\.cache\\\\firebase\\\\emulators\\\\ui-v1.6.4\\\\server.bundle.js\"],\"optionalArgs\":[],\"joinArgs\":false}"}}
[info] i  ui: Emulator UI logging to ui-debug.log {"metadata":{"emulator":{"name":"ui"},"message":"Emulator UI logging to \u001b[1mui-debug.log\u001b[22m"}}
[debug] [2021-11-03T12:08:46.196Z] Web / API server started at localhost:4000
 {"metadata":{"emulator":{"name":"ui"},"message":"Web / API server started at localhost:4000\n"}}
[info] i  functions: Watching "C:\Users\linus\Desktop\Data\FullStack\Full Projects\amazon-clone\functions" for Cloud Functions... {"metadata":{"emulator":{"name":"functions"},"message":"Watching \"C:\\Users\\linus\\Desktop\\Data\\FullStack\\Full Projects\\amazon-clone\\functions\" for Cloud Functions..."}}
[debug] [2021-11-03T12:08:46.357Z] [worker-pool] addWorker(~diagnostic~) {"metadata":{"emulator":{"name":"functions"},"message":"[worker-pool] addWorker(~diagnostic~)"}}
[debug] [2021-11-03T12:08:46.357Z] [worker-pool] Adding worker with key ~diagnostic~, total=1 {"metadata":{"emulator":{"name":"functions"},"message":"[worker-pool] Adding worker with key ~diagnostic~, total=1"}}
[debug] [2021-11-03T12:08:46.357Z] [worker-pool] submitWork(triggerId=) {"metadata":{"emulator":{"name":"functions"},"message":"[worker-pool] submitWork(triggerId=)"}}
[debug] [2021-11-03T12:08:46.357Z] [worker-~diagnostic~-01179709-2f9e-44b7-a3b0-be74b2d29bf8]: Assigning socketPath: \\?\pipe\C:\Users\linus\Desktop\Data\FullStack\Full Projects\amazon-clone\functions\23876 {"metadata":{"emulator":{"name":"functions"},"message":"[worker-~diagnostic~-01179709-2f9e-44b7-a3b0-be74b2d29bf8]: Assigning socketPath: \\\\?\\pipe\\C:\\Users\\linus\\Desktop\\Data\\FullStack\\Full Projects\\amazon-clone\\functions\\23876"}}
[debug] [2021-11-03T12:08:46.358Z] [worker-~diagnostic~-01179709-2f9e-44b7-a3b0-be74b2d29bf8]: BUSY {"metadata":{"emulator":{"name":"functions"},"message":"[worker-~diagnostic~-01179709-2f9e-44b7-a3b0-be74b2d29bf8]: BUSY"}}
[debug] [2021-11-03T12:08:46.564Z] [runtime-status] [23876] Functions runtime initialized. {"cwd":"C:\\Users\\linus\\Desktop\\Data\\FullStack\\Full Projects\\amazon-clone\\functions","node_version":"14.18.0"} {"metadata":{"emulator":{"name":"functions"},"message":"[runtime-status] [23876] Functions runtime initialized. {\"cwd\":\"C:\\\\Users\\\\linus\\\\Desktop\\\\Data\\\\FullStack\\\\Full Projects\\\\amazon-clone\\\\functions\",\"node_version\":\"14.18.0\"}"}}
[debug] [2021-11-03T12:08:46.566Z] [runtime-status] [23876] Disabled runtime features: undefined {"metadata":{"emulator":{"name":"functions"},"message":"[runtime-status] [23876] Disabled runtime features: undefined"}}
[debug] [2021-11-03T12:08:46.569Z] [runtime-status] [23876] Resolved module firebase-admin {"declared":true,"installed":true,"version":"9.12.0","resolution":"C:\\Users\\linus\\Desktop\\Data\\FullStack\\Full Projects\\amazon-clone\\functions\\node_modules\\firebase-admin\\lib\\index.js"} {"metadata":{"emulator":{"name":"functions"},"message":"[runtime-status] [23876] Resolved module firebase-admin {\"declared\":true,\"installed\":true,\"version\":\"9.12.0\",\"resolution\":\"C:\\\\Users\\\\linus\\\\Desktop\\\\Data\\\\FullStack\\\\Full Projects\\\\amazon-clone\\\\functions\\\\node_modules\\\\firebase-admin\\\\lib\\\\index.js\"}"}}
[debug] [2021-11-03T12:08:46.573Z] [runtime-status] [23876] Resolved module firebase-functions {"declared":true,"installed":true,"version":"3.16.0","resolution":"C:\\Users\\linus\\Desktop\\Data\\FullStack\\Full Projects\\amazon-clone\\functions\\node_modules\\firebase-functions\\lib\\index.js"} {"metadata":{"emulator":{"name":"functions"},"message":"[runtime-status] [23876] Resolved module firebase-functions {\"declared\":true,\"installed\":true,\"version\":\"3.16.0\",\"resolution\":\"C:\\\\Users\\\\linus\\\\Desktop\\\\Data\\\\FullStack\\\\Full Projects\\\\amazon-clone\\\\functions\\\\node_modules\\\\firebase-functions\\\\lib\\\\index.js\"}"}}
[debug] [2021-11-03T12:08:46.574Z] [runtime-status] [23876] Outgoing network have been stubbed. [{"name":"http","status":"mocked"},{"name":"http","status":"mocked"},{"name":"https","status":"mocked"},{"name":"https","status":"mocked"},{"name":"net","status":"mocked"}] {"metadata":{"emulator":{"name":"functions"},"message":"[runtime-status] [23876] Outgoing network have been stubbed. [{\"name\":\"http\",\"status\":\"mocked\"},{\"name\":\"http\",\"status\":\"mocked\"},{\"name\":\"https\",\"status\":\"mocked\"},{\"name\":\"https\",\"status\":\"mocked\"},{\"name\":\"net\",\"status\":\"mocked\"}]"}}
[debug] [2021-11-03T12:08:46.575Z] [runtime-status] [23876] Resolved module firebase-functions {"declared":true,"installed":true,"version":"3.16.0","resolution":"C:\\Users\\linus\\Desktop\\Data\\FullStack\\Full Projects\\amazon-clone\\functions\\node_modules\\firebase-functions\\lib\\index.js"} {"metadata":{"emulator":{"name":"functions"},"message":"[runtime-status] [23876] Resolved module firebase-functions {\"declared\":true,\"installed\":true,\"version\":\"3.16.0\",\"resolution\":\"C:\\\\Users\\\\linus\\\\Desktop\\\\Data\\\\FullStack\\\\Full Projects\\\\amazon-clone\\\\functions\\\\node_modules\\\\firebase-functions\\\\lib\\\\index.js\"}"}}
[debug] [2021-11-03T12:08:46.628Z] [runtime-status] [23876] Checked functions.config() {"config":{}} {"metadata":{"emulator":{"name":"functions"},"message":"[runtime-status] [23876] Checked functions.config() {\"config\":{}}"}}
[debug] [2021-11-03T12:08:46.629Z] [runtime-status] [23876] firebase-functions has been stubbed. {"functionsResolution":{"declared":true,"installed":true,"version":"3.16.0","resolution":"C:\\Users\\linus\\Desktop\\Data\\FullStack\\Full Projects\\amazon-clone\\functions\\node_modules\\firebase-functions\\lib\\index.js"}} {"metadata":{"emulator":{"name":"functions"},"message":"[runtime-status] [23876] firebase-functions has been stubbed. {\"functionsResolution\":{\"declared\":true,\"installed\":true,\"version\":\"3.16.0\",\"resolution\":\"C:\\\\Users\\\\linus\\\\Desktop\\\\Data\\\\FullStack\\\\Full Projects\\\\amazon-clone\\\\functions\\\\node_modules\\\\firebase-functions\\\\lib\\\\index.js\"}}"}}
[debug] [2021-11-03T12:08:46.630Z] [runtime-status] [23876] Resolved module firebase-functions {"declared":true,"installed":true,"version":"3.16.0","resolution":"C:\\Users\\linus\\Desktop\\Data\\FullStack\\Full Projects\\amazon-clone\\functions\\node_modules\\firebase-functions\\lib\\index.js"} {"metadata":{"emulator":{"name":"functions"},"message":"[runtime-status] [23876] Resolved module firebase-functions {\"declared\":true,\"installed\":true,\"version\":\"3.16.0\",\"resolution\":\"C:\\\\Users\\\\linus\\\\Desktop\\\\Data\\\\FullStack\\\\Full Projects\\\\amazon-clone\\\\functions\\\\node_modules\\\\firebase-functions\\\\lib\\\\index.js\"}"}}
[debug] [2021-11-03T12:08:46.631Z] [runtime-status] [23876] Resolved module firebase-admin {"declared":true,"installed":true,"version":"9.12.0","resolution":"C:\\Users\\linus\\Desktop\\Data\\FullStack\\Full Projects\\amazon-clone\\functions\\node_modules\\firebase-admin\\lib\\index.js"} {"metadata":{"emulator":{"name":"functions"},"message":"[runtime-status] [23876] Resolved module firebase-admin {\"declared\":true,\"installed\":true,\"version\":\"9.12.0\",\"resolution\":\"C:\\\\Users\\\\linus\\\\Desktop\\\\Data\\\\FullStack\\\\Full Projects\\\\amazon-clone\\\\functions\\\\node_modules\\\\firebase-admin\\\\lib\\\\index.js\"}"}}
[debug] [2021-11-03T12:08:46.632Z] [runtime-status] [23876] Resolved module firebase-functions {"declared":true,"installed":true,"version":"3.16.0","resolution":"C:\\Users\\linus\\Desktop\\Data\\FullStack\\Full Projects\\amazon-clone\\functions\\node_modules\\firebase-functions\\lib\\index.js"} {"metadata":{"emulator":{"name":"functions"},"message":"[runtime-status] [23876] Resolved module firebase-functions {\"declared\":true,\"installed\":true,\"version\":\"3.16.0\",\"resolution\":\"C:\\\\Users\\\\linus\\\\Desktop\\\\Data\\\\FullStack\\\\Full Projects\\\\amazon-clone\\\\functions\\\\node_modules\\\\firebase-functions\\\\lib\\\\index.js\"}"}}
[debug] [2021-11-03T12:08:46.632Z] [runtime-status] [23876] firebase-admin has been stubbed. {"adminResolution":{"declared":true,"installed":true,"version":"9.12.0","resolution":"C:\\Users\\linus\\Desktop\\Data\\FullStack\\Full Projects\\amazon-clone\\functions\\node_modules\\firebase-admin\\lib\\index.js"}} {"metadata":{"emulator":{"name":"functions"},"message":"[runtime-status] [23876] firebase-admin has been stubbed. {\"adminResolution\":{\"declared\":true,\"installed\":true,\"version\":\"9.12.0\",\"resolution\":\"C:\\\\Users\\\\linus\\\\Desktop\\\\Data\\\\FullStack\\\\Full Projects\\\\amazon-clone\\\\functions\\\\node_modules\\\\firebase-admin\\\\lib\\\\index.js\"}}"}}
[info] +  functions[us-central1-api]: http function initialized (http://localhost:5001/clone-ec729/us-central1/api). {"metadata":{"emulator":{"name":"functions"},"message":"\u001b[1mhttp\u001b[22m function initialized (http://localhost:5001/clone-ec729/us-central1/api)."}}
[info] 
┌─────────────────────────────────────────────────────────────┐
│ ✔  All emulators ready! It is now safe to connect your app. │
│ i  View Emulator UI at http://localhost:4000                │
└─────────────────────────────────────────────────────────────┘

┌───────────┬────────────────┬─────────────────────────────────┐
│ Emulator  │ Host:Port      │ View in Emulator UI             │
├───────────┼────────────────┼─────────────────────────────────┤
│ Functions │ localhost:5001 │ http://localhost:4000/functions │
└───────────┴────────────────┴─────────────────────────────────┘
  Emulator Hub running at localhost:4400
  Other reserved ports: 4500

Issues? Report them at https://github.com/firebase/firebase-tools/issues and attach the *-debug.log files.
 
[debug] [2021-11-03T12:08:46.835Z] [worker-~diagnostic~-01179709-2f9e-44b7-a3b0-be74b2d29bf8]: IDLE {"metadata":{"emulator":{"name":"functions"},"message":"[worker-~diagnostic~-01179709-2f9e-44b7-a3b0-be74b2d29bf8]: IDLE"}}
[debug] [2021-11-03T12:09:35.387Z] [work-queue] {"queueLength":1,"workRunningCount":0}
[debug] [2021-11-03T12:09:35.387Z] [work-queue] {"queueLength":0,"workRunningCount":1}
[debug] [2021-11-03T12:09:35.387Z] Accepted request POST /clone-ec729/us-central1/api/payments/create?total=92998 --> us-central1-api
[debug] [2021-11-03T12:09:35.394Z] [worker-pool] addWorker(us-central1-api) {"metadata":{"emulator":{"name":"functions"},"message":"[worker-pool] addWorker(us-central1-api)"}}
[debug] [2021-11-03T12:09:35.395Z] [worker-pool] Adding worker with key us-central1-api, total=1 {"metadata":{"emulator":{"name":"functions"},"message":"[worker-pool] Adding worker with key us-central1-api, total=1"}}
[debug] [2021-11-03T12:09:35.395Z] [worker-pool] submitWork(triggerId=us-central1-api) {"metadata":{"emulator":{"name":"functions"},"message":"[worker-pool] submitWork(triggerId=us-central1-api)"}}
[debug] [2021-11-03T12:09:35.395Z] [worker-us-central1-api-cf3d6769-a413-4fef-80c9-d56910854a1b]: Assigning socketPath: \\?\pipe\C:\Users\linus\Desktop\Data\FullStack\Full Projects\amazon-clone\functions\9712 {"metadata":{"emulator":{"name":"functions"},"message":"[worker-us-central1-api-cf3d6769-a413-4fef-80c9-d56910854a1b]: Assigning socketPath: \\\\?\\pipe\\C:\\Users\\linus\\Desktop\\Data\\FullStack\\Full Projects\\amazon-clone\\functions\\9712"}}
[debug] [2021-11-03T12:09:35.395Z] [worker-us-central1-api-cf3d6769-a413-4fef-80c9-d56910854a1b]: BUSY {"metadata":{"emulator":{"name":"functions"},"message":"[worker-us-central1-api-cf3d6769-a413-4fef-80c9-d56910854a1b]: BUSY"}}
[debug] [2021-11-03T12:09:35.611Z] [runtime-status] [9712] Functions runtime initialized. {"cwd":"C:\\Users\\linus\\Desktop\\Data\\FullStack\\Full Projects\\amazon-clone\\functions","node_version":"14.18.0"} {"metadata":{"emulator":{"name":"functions"},"function":{"name":"us-central1-api"},"message":"[runtime-status] [9712] Functions runtime initialized. {\"cwd\":\"C:\\\\Users\\\\linus\\\\Desktop\\\\Data\\\\FullStack\\\\Full Projects\\\\amazon-clone\\\\functions\",\"node_version\":\"14.18.0\"}"}}
[debug] [2021-11-03T12:09:35.614Z] [runtime-status] [9712] Disabled runtime features: undefined {"metadata":{"emulator":{"name":"functions"},"function":{"name":"us-central1-api"},"message":"[runtime-status] [9712] Disabled runtime features: undefined"}}
[debug] [2021-11-03T12:09:35.618Z] [runtime-status] [9712] Resolved module firebase-admin {"declared":true,"installed":true,"version":"9.12.0","resolution":"C:\\Users\\linus\\Desktop\\Data\\FullStack\\Full Projects\\amazon-clone\\functions\\node_modules\\firebase-admin\\lib\\index.js"} {"metadata":{"emulator":{"name":"functions"},"function":{"name":"us-central1-api"},"message":"[runtime-status] [9712] Resolved module firebase-admin {\"declared\":true,\"installed\":true,\"version\":\"9.12.0\",\"resolution\":\"C:\\\\Users\\\\linus\\\\Desktop\\\\Data\\\\FullStack\\\\Full Projects\\\\amazon-clone\\\\functions\\\\node_modules\\\\firebase-admin\\\\lib\\\\index.js\"}"}}
[debug] [2021-11-03T12:09:35.622Z] [runtime-status] [9712] Resolved module firebase-functions {"declared":true,"installed":true,"version":"3.16.0","resolution":"C:\\Users\\linus\\Desktop\\Data\\FullStack\\Full Projects\\amazon-clone\\functions\\node_modules\\firebase-functions\\lib\\index.js"} {"metadata":{"emulator":{"name":"functions"},"function":{"name":"us-central1-api"},"message":"[runtime-status] [9712] Resolved module firebase-functions {\"declared\":true,\"installed\":true,\"version\":\"3.16.0\",\"resolution\":\"C:\\\\Users\\\\linus\\\\Desktop\\\\Data\\\\FullStack\\\\Full Projects\\\\amazon-clone\\\\functions\\\\node_modules\\\\firebase-functions\\\\lib\\\\index.js\"}"}}
[debug] [2021-11-03T12:09:35.624Z] [runtime-status] [9712] Outgoing network have been stubbed. [{"name":"http","status":"mocked"},{"name":"http","status":"mocked"},{"name":"https","status":"mocked"},{"name":"https","status":"mocked"},{"name":"net","status":"mocked"}] {"metadata":{"emulator":{"name":"functions"},"function":{"name":"us-central1-api"},"message":"[runtime-status] [9712] Outgoing network have been stubbed. [{\"name\":\"http\",\"status\":\"mocked\"},{\"name\":\"http\",\"status\":\"mocked\"},{\"name\":\"https\",\"status\":\"mocked\"},{\"name\":\"https\",\"status\":\"mocked\"},{\"name\":\"net\",\"status\":\"mocked\"}]"}}
[debug] [2021-11-03T12:09:35.625Z] [runtime-status] [9712] Resolved module firebase-functions {"declared":true,"installed":true,"version":"3.16.0","resolution":"C:\\Users\\linus\\Desktop\\Data\\FullStack\\Full Projects\\amazon-clone\\functions\\node_modules\\firebase-functions\\lib\\index.js"} {"metadata":{"emulator":{"name":"functions"},"function":{"name":"us-central1-api"},"message":"[runtime-status] [9712] Resolved module firebase-functions {\"declared\":true,\"installed\":true,\"version\":\"3.16.0\",\"resolution\":\"C:\\\\Users\\\\linus\\\\Desktop\\\\Data\\\\FullStack\\\\Full Projects\\\\amazon-clone\\\\functions\\\\node_modules\\\\firebase-functions\\\\lib\\\\index.js\"}"}}
[debug] [2021-11-03T12:09:35.681Z] [runtime-status] [9712] Checked functions.config() {"config":{}} {"metadata":{"emulator":{"name":"functions"},"function":{"name":"us-central1-api"},"message":"[runtime-status] [9712] Checked functions.config() {\"config\":{}}"}}
[debug] [2021-11-03T12:09:35.682Z] [runtime-status] [9712] firebase-functions has been stubbed. {"functionsResolution":{"declared":true,"installed":true,"version":"3.16.0","resolution":"C:\\Users\\linus\\Desktop\\Data\\FullStack\\Full Projects\\amazon-clone\\functions\\node_modules\\firebase-functions\\lib\\index.js"}} {"metadata":{"emulator":{"name":"functions"},"function":{"name":"us-central1-api"},"message":"[runtime-status] [9712] firebase-functions has been stubbed. {\"functionsResolution\":{\"declared\":true,\"installed\":true,\"version\":\"3.16.0\",\"resolution\":\"C:\\\\Users\\\\linus\\\\Desktop\\\\Data\\\\FullStack\\\\Full Projects\\\\amazon-clone\\\\functions\\\\node_modules\\\\firebase-functions\\\\lib\\\\index.js\"}}"}}
[debug] [2021-11-03T12:09:35.683Z] [runtime-status] [9712] Resolved module firebase-functions {"declared":true,"installed":true,"version":"3.16.0","resolution":"C:\\Users\\linus\\Desktop\\Data\\FullStack\\Full Projects\\amazon-clone\\functions\\node_modules\\firebase-functions\\lib\\index.js"} {"metadata":{"emulator":{"name":"functions"},"function":{"name":"us-central1-api"},"message":"[runtime-status] [9712] Resolved module firebase-functions {\"declared\":true,\"installed\":true,\"version\":\"3.16.0\",\"resolution\":\"C:\\\\Users\\\\linus\\\\Desktop\\\\Data\\\\FullStack\\\\Full Projects\\\\amazon-clone\\\\functions\\\\node_modules\\\\firebase-functions\\\\lib\\\\index.js\"}"}}
[debug] [2021-11-03T12:09:35.684Z] [runtime-status] [9712] Resolved module firebase-admin {"declared":true,"installed":true,"version":"9.12.0","resolution":"C:\\Users\\linus\\Desktop\\Data\\FullStack\\Full Projects\\amazon-clone\\functions\\node_modules\\firebase-admin\\lib\\index.js"} {"metadata":{"emulator":{"name":"functions"},"function":{"name":"us-central1-api"},"message":"[runtime-status] [9712] Resolved module firebase-admin {\"declared\":true,\"installed\":true,\"version\":\"9.12.0\",\"resolution\":\"C:\\\\Users\\\\linus\\\\Desktop\\\\Data\\\\FullStack\\\\Full Projects\\\\amazon-clone\\\\functions\\\\node_modules\\\\firebase-admin\\\\lib\\\\index.js\"}"}}
[debug] [2021-11-03T12:09:35.685Z] [runtime-status] [9712] Resolved module firebase-functions {"declared":true,"installed":true,"version":"3.16.0","resolution":"C:\\Users\\linus\\Desktop\\Data\\FullStack\\Full Projects\\amazon-clone\\functions\\node_modules\\firebase-functions\\lib\\index.js"} {"metadata":{"emulator":{"name":"functions"},"function":{"name":"us-central1-api"},"message":"[runtime-status] [9712] Resolved module firebase-functions {\"declared\":true,\"installed\":true,\"version\":\"3.16.0\",\"resolution\":\"C:\\\\Users\\\\linus\\\\Desktop\\\\Data\\\\FullStack\\\\Full Projects\\\\amazon-clone\\\\functions\\\\node_modules\\\\firebase-functions\\\\lib\\\\index.js\"}"}}
[debug] [2021-11-03T12:09:35.685Z] [runtime-status] [9712] firebase-admin has been stubbed. {"adminResolution":{"declared":true,"installed":true,"version":"9.12.0","resolution":"C:\\Users\\linus\\Desktop\\Data\\FullStack\\Full Projects\\amazon-clone\\functions\\node_modules\\firebase-admin\\lib\\index.js"}} {"metadata":{"emulator":{"name":"functions"},"function":{"name":"us-central1-api"},"message":"[runtime-status] [9712] firebase-admin has been stubbed. {\"adminResolution\":{\"declared\":true,\"installed\":true,\"version\":\"9.12.0\",\"resolution\":\"C:\\\\Users\\\\linus\\\\Desktop\\\\Data\\\\FullStack\\\\Full Projects\\\\amazon-clone\\\\functions\\\\node_modules\\\\firebase-admin\\\\lib\\\\index.js\"}}"}}
[debug] [2021-11-03T12:09:35.885Z] [runtime-status] [9712] Trigger "us-central1-api" has been found, beginning invocation! {"metadata":{"emulator":{"name":"functions"},"function":{"name":"us-central1-api"},"message":"[runtime-status] [9712] Trigger \"us-central1-api\" has been found, beginning invocation!"}}
[info] i  functions: Beginning execution of "us-central1-api" {"metadata":{"emulator":{"name":"functions"},"function":{"name":"us-central1-api"},"message":"Beginning execution of \"us-central1-api\""}}
[debug] [2021-11-03T12:09:35.886Z] [runtime-status] [9712] triggerDefinition {"httpsTrigger":{},"name":"api","entryPoint":"api","regions":["us-central1"],"region":"us-central1","id":"us-central1-api"} {"metadata":{"emulator":{"name":"functions"},"function":{"name":"us-central1-api"},"message":"[runtime-status] [9712] triggerDefinition {\"httpsTrigger\":{},\"name\":\"api\",\"entryPoint\":\"api\",\"regions\":[\"us-central1\"],\"region\":\"us-central1\",\"id\":\"us-central1-api\"}"}}
[debug] [2021-11-03T12:09:35.886Z] [runtime-status] [9712] Running us-central1-api in signature http {"metadata":{"emulator":{"name":"functions"},"function":{"name":"us-central1-api"},"message":"[runtime-status] [9712] Running us-central1-api in signature http"}}
[debug] [2021-11-03T12:09:35.889Z] [runtime-status] [9712] Attempting to listen to socketPath: \\?\pipe\C:\Users\linus\Desktop\Data\FullStack\Full Projects\amazon-clone\functions\9712 {"metadata":{"emulator":{"name":"functions"},"function":{"name":"us-central1-api"},"message":"[runtime-status] [9712] Attempting to listen to socketPath: \\\\?\\pipe\\C:\\Users\\linus\\Desktop\\Data\\FullStack\\Full Projects\\amazon-clone\\functions\\9712"}}
[debug] [2021-11-03T12:09:35.892Z] [functions] Runtime ready! Sending request! {"metadata":{"emulator":{"name":"functions"},"message":"[functions] Runtime ready! Sending request!"}}
[debug] [2021-11-03T12:09:35.892Z] [functions] Got req.url=/clone-ec729/us-central1/api/payments/create?total=92998, mapping to path=/payments/create?total=92998 {"metadata":{"emulator":{"name":"functions"},"message":"[functions] Got req.url=/clone-ec729/us-central1/api/payments/create?total=92998, mapping to path=/payments/create?total=92998"}}
[debug] [2021-11-03T12:09:35.898Z] [runtime-status] [9712] Ephemeral server handling POST request {"metadata":{"emulator":{"name":"functions"},"function":{"name":"us-central1-api"},"message":"[runtime-status] [9712] Ephemeral server handling POST request"}}
[info] >  Payment request recieved,yeaa , for amount :  92998 {"user":"Payment request recieved,yeaa , for amount :  92998","metadata":{"emulator":{"name":"functions"},"function":{"name":"us-central1-api"},"message":"\u001b[90m> \u001b[39m Payment request recieved,yeaa , for amount :  92998"}}
[debug] [2021-11-03T12:09:35.910Z] [runtime-status] [9712] Ephemeral server survived. {"metadata":{"emulator":{"name":"functions"},"function":{"name":"us-central1-api"},"message":"[runtime-status] [9712] Ephemeral server survived."}}
[info] i  functions: Finished "us-central1-api" in ~1s {"metadata":{"emulator":{"name":"functions"},"function":{"name":"us-central1-api"},"message":"Finished \"us-central1-api\" in ~1s"}}
[debug] [2021-11-03T12:09:36.437Z] [worker-us-central1-api-cf3d6769-a413-4fef-80c9-d56910854a1b]: IDLE {"metadata":{"emulator":{"name":"functions"},"message":"[worker-us-central1-api-cf3d6769-a413-4fef-80c9-d56910854a1b]: IDLE"}}
[debug] [2021-11-03T12:09:36.437Z] [work-queue] {"queueLength":0,"workRunningCount":0}
[debug] [2021-11-03T12:09:57.697Z] [work-queue] {"queueLength":1,"workRunningCount":0}
[debug] [2021-11-03T12:09:57.697Z] [work-queue] {"queueLength":0,"workRunningCount":1}
[debug] [2021-11-03T12:09:57.697Z] Accepted request POST /clone-ec729/us-central1/api/payments/create?total=0 --> us-central1-api
[debug] [2021-11-03T12:09:57.697Z] [worker-pool] submitWork(triggerId=us-central1-api) {"metadata":{"emulator":{"name":"functions"},"message":"[worker-pool] submitWork(triggerId=us-central1-api)"}}
[debug] [2021-11-03T12:09:57.697Z] [worker-us-central1-api-cf3d6769-a413-4fef-80c9-d56910854a1b]: Assigning socketPath: \\?\pipe\C:\Users\linus\Desktop\Data\FullStack\Full Projects\amazon-clone\functions\9712 {"metadata":{"emulator":{"name":"functions"},"message":"[worker-us-central1-api-cf3d6769-a413-4fef-80c9-d56910854a1b]: Assigning socketPath: \\\\?\\pipe\\C:\\Users\\linus\\Desktop\\Data\\FullStack\\Full Projects\\amazon-clone\\functions\\9712"}}
[debug] [2021-11-03T12:09:57.697Z] [worker-us-central1-api-cf3d6769-a413-4fef-80c9-d56910854a1b]: BUSY {"metadata":{"emulator":{"name":"functions"},"message":"[worker-us-central1-api-cf3d6769-a413-4fef-80c9-d56910854a1b]: BUSY"}}
[debug] [2021-11-03T12:09:57.698Z] [runtime-status] [9712] Trigger "us-central1-api" has been found, beginning invocation! {"metadata":{"emulator":{"name":"functions"},"function":{"name":"us-central1-api"},"message":"[runtime-status] [9712] Trigger \"us-central1-api\" has been found, beginning invocation!"}}
[info] i  functions: Beginning execution of "us-central1-api" {"metadata":{"emulator":{"name":"functions"},"function":{"name":"us-central1-api"},"message":"Beginning execution of \"us-central1-api\""}}
[debug] [2021-11-03T12:09:57.699Z] [runtime-status] [9712] triggerDefinition {"httpsTrigger":{},"name":"api","entryPoint":"api","regions":["us-central1"],"region":"us-central1","id":"us-central1-api"} {"metadata":{"emulator":{"name":"functions"},"function":{"name":"us-central1-api"},"message":"[runtime-status] [9712] triggerDefinition {\"httpsTrigger\":{},\"name\":\"api\",\"entryPoint\":\"api\",\"regions\":[\"us-central1\"],\"region\":\"us-central1\",\"id\":\"us-central1-api\"}"}}
[debug] [2021-11-03T12:09:57.699Z] [runtime-status] [9712] Running us-central1-api in signature http {"metadata":{"emulator":{"name":"functions"},"function":{"name":"us-central1-api"},"message":"[runtime-status] [9712] Running us-central1-api in signature http"}}
[debug] [2021-11-03T12:09:57.700Z] [runtime-status] [9712] Attempting to listen to socketPath: \\?\pipe\C:\Users\linus\Desktop\Data\FullStack\Full Projects\amazon-clone\functions\9712 {"metadata":{"emulator":{"name":"functions"},"function":{"name":"us-central1-api"},"message":"[runtime-status] [9712] Attempting to listen to socketPath: \\\\?\\pipe\\C:\\Users\\linus\\Desktop\\Data\\FullStack\\Full Projects\\amazon-clone\\functions\\9712"}}
[debug] [2021-11-03T12:09:57.700Z] [functions] Runtime ready! Sending request! {"metadata":{"emulator":{"name":"functions"},"message":"[functions] Runtime ready! Sending request!"}}
[debug] [2021-11-03T12:09:57.701Z] [functions] Got req.url=/clone-ec729/us-central1/api/payments/create?total=0, mapping to path=/payments/create?total=0 {"metadata":{"emulator":{"name":"functions"},"message":"[functions] Got req.url=/clone-ec729/us-central1/api/payments/create?total=0, mapping to path=/payments/create?total=0"}}
[debug] [2021-11-03T12:09:57.702Z] [runtime-status] [9712] Ephemeral server handling POST request {"metadata":{"emulator":{"name":"functions"},"function":{"name":"us-central1-api"},"message":"[runtime-status] [9712] Ephemeral server handling POST request"}}
[info] >  Payment request recieved,yeaa , for amount :  0 {"user":"Payment request recieved,yeaa , for amount :  0","metadata":{"emulator":{"name":"functions"},"function":{"name":"us-central1-api"},"message":"\u001b[90m> \u001b[39m Payment request recieved,yeaa , for amount :  0"}}
[debug] [2021-11-03T12:09:57.704Z] [runtime-status] [9712] Ephemeral server survived. {"metadata":{"emulator":{"name":"functions"},"function":{"name":"us-central1-api"},"message":"[runtime-status] [9712] Ephemeral server survived."}}
[info] >  (node:9712) UnhandledPromiseRejectionWarning: Error: This value must be greater than or equal to 1. {"user":"(node:9712) UnhandledPromiseRejectionWarning: Error: This value must be greater than or equal to 1.","metadata":{"emulator":{"name":"functions"},"function":{"name":"us-central1-api"},"message":"\u001b[90m> \u001b[39m (node:9712) UnhandledPromiseRejectionWarning: Error: This value must be greater than or equal to 1."}}
[info] >      at Function.generate (C:\Users\linus\Desktop\Data\FullStack\Full Projects\amazon-clone\functions\node_modules\stripe\lib\Error.js:40:16) {"user":"    at Function.generate (C:\\Users\\linus\\Desktop\\Data\\FullStack\\Full Projects\\amazon-clone\\functions\\node_modules\\stripe\\lib\\Error.js:40:16)","metadata":{"emulator":{"name":"functions"},"function":{"name":"us-central1-api"},"message":"\u001b[90m> \u001b[39m     at Function.generate (C:\\Users\\linus\\Desktop\\Data\\FullStack\\Full Projects\\amazon-clone\\functions\\node_modules\\stripe\\lib\\Error.js:40:16)"}}
[info] >      at res.toJSON.then.StripeAPIError.message (C:\Users\linus\Desktop\Data\FullStack\Full Projects\amazon-clone\functions\node_modules\stripe\lib\StripeResource.js:220:35) {"user":"    at res.toJSON.then.StripeAPIError.message (C:\\Users\\linus\\Desktop\\Data\\FullStack\\Full Projects\\amazon-clone\\functions\\node_modules\\stripe\\lib\\StripeResource.js:220:35)","metadata":{"emulator":{"name":"functions"},"function":{"name":"us-central1-api"},"message":"\u001b[90m> \u001b[39m     at res.toJSON.then.StripeAPIError.message (C:\\Users\\linus\\Desktop\\Data\\FullStack\\Full Projects\\amazon-clone\\functions\\node_modules\\stripe\\lib\\StripeResource.js:220:35)"}}
[info] >      at processTicksAndRejections (internal/process/task_queues.js:95:5) {"user":"    at processTicksAndRejections (internal/process/task_queues.js:95:5)","metadata":{"emulator":{"name":"functions"},"function":{"name":"us-central1-api"},"message":"\u001b[90m> \u001b[39m     at processTicksAndRejections (internal/process/task_queues.js:95:5)"}}
[info] >  (Use `node --trace-warnings ...` to show where the warning was created) {"user":"(Use `node --trace-warnings ...` to show where the warning was created)","metadata":{"emulator":{"name":"functions"},"function":{"name":"us-central1-api"},"message":"\u001b[90m> \u001b[39m (Use `node --trace-warnings ...` to show where the warning was created)"}}
[info] >  (node:9712) UnhandledPromiseRejectionWarning: Unhandled promise rejection. This error originated either by throwing inside of an async function without a catch block, or by rejecting a promise which was not handled with .catch(). To terminate the node process on unhandled promise rejection, use the CLI flag `--unhandled-rejections=strict` (see https://nodejs.org/api/cli.html#cli_unhandled_rejections_mode). (rejection id: 1) {"user":"(node:9712) UnhandledPromiseRejectionWarning: Unhandled promise rejection. This error originated either by throwing inside of an async function without a catch block, or by rejecting a promise which was not handled with .catch(). To terminate the node process on unhandled promise rejection, use the CLI flag `--unhandled-rejections=strict` (see https://nodejs.org/api/cli.html#cli_unhandled_rejections_mode). (rejection id: 1)","metadata":{"emulator":{"name":"functions"},"function":{"name":"us-central1-api"},"message":"\u001b[90m> \u001b[39m (node:9712) UnhandledPromiseRejectionWarning: Unhandled promise rejection. This error originated either by throwing inside of an async function without a catch block, or by rejecting a promise which was not handled with .catch(). To terminate the node process on unhandled promise rejection, use the CLI flag `--unhandled-rejections=strict` (see https://nodejs.org/api/cli.html#cli_unhandled_rejections_mode). (rejection id: 1)"}}
[info] >  (node:9712) [DEP0018] DeprecationWarning: Unhandled promise rejections are deprecated. In the future, promise rejections that are not handled will terminate the Node.js process with a non-zero exit code. {"user":"(node:9712) [DEP0018] DeprecationWarning: Unhandled promise rejections are deprecated. In the future, promise rejections that are not handled will terminate the Node.js process with a non-zero exit code.","metadata":{"emulator":{"name":"functions"},"function":{"name":"us-central1-api"},"message":"\u001b[90m> \u001b[39m (node:9712) [DEP0018] DeprecationWarning: Unhandled promise rejections are deprecated. In the future, promise rejections that are not handled will terminate the Node.js process with a non-zero exit code."}}
[warn] !  functions: Your function timed out after ~60s. To configure this timeout, see
      https://firebase.google.com/docs/functions/manage-functions#set_timeout_and_memory_allocation. {"metadata":{"emulator":{"name":"functions"},"function":{"name":"us-central1-api"},"message":"Your function timed out after ~60s. To configure this timeout, see\n      https://firebase.google.com/docs/functions/manage-functions#set_timeout_and_memory_allocation."}}
[info] >  C:\Users\linus\AppData\Roaming\npm\node_modules\firebase-tools\lib\emulator\functionsEmulatorRuntime.js:604 {"user":"C:\\Users\\linus\\AppData\\Roaming\\npm\\node_modules\\firebase-tools\\lib\\emulator\\functionsEmulatorRuntime.js:604\r","metadata":{"emulator":{"name":"functions"},"function":{"name":"us-central1-api"},"message":"\u001b[90m> \u001b[39m C:\\Users\\linus\\AppData\\Roaming\\npm\\node_modules\\firebase-tools\\lib\\emulator\\functionsEmulatorRuntime.js:604\r"}}
[info] >              throw new Error("Function timed out."); {"user":"            throw new Error(\"Function timed out.\");\r","metadata":{"emulator":{"name":"functions"},"function":{"name":"us-central1-api"},"message":"\u001b[90m> \u001b[39m             throw new Error(\"Function timed out.\");\r"}}
[info] >              ^ {"user":"            ^\r","metadata":{"emulator":{"name":"functions"},"function":{"name":"us-central1-api"},"message":"\u001b[90m> \u001b[39m             ^\r"}}
[info] >   {"user":"\r","metadata":{"emulator":{"name":"functions"},"function":{"name":"us-central1-api"},"message":"\u001b[90m> \u001b[39m \r"}}
[info] >  Error: Function timed out. {"user":"Error: Function timed out.\r","metadata":{"emulator":{"name":"functions"},"function":{"name":"us-central1-api"},"message":"\u001b[90m> \u001b[39m Error: Function timed out.\r"}}
[info] >      at Timeout._onTimeout (C:\Users\linus\AppData\Roaming\npm\node_modules\firebase-tools\lib\emulator\functionsEmulatorRuntime.js:604:19) {"user":"    at Timeout._onTimeout (C:\\Users\\linus\\AppData\\Roaming\\npm\\node_modules\\firebase-tools\\lib\\emulator\\functionsEmulatorRuntime.js:604:19)\r","metadata":{"emulator":{"name":"functions"},"function":{"name":"us-central1-api"},"message":"\u001b[90m> \u001b[39m     at Timeout._onTimeout (C:\\Users\\linus\\AppData\\Roaming\\npm\\node_modules\\firebase-tools\\lib\\emulator\\functionsEmulatorRuntime.js:604:19)\r"}}
[info] >      at listOnTimeout (internal/timers.js:557:17) {"user":"    at listOnTimeout (internal/timers.js:557:17)\r","metadata":{"emulator":{"name":"functions"},"function":{"name":"us-central1-api"},"message":"\u001b[90m> \u001b[39m     at listOnTimeout (internal/timers.js:557:17)\r"}}
[info] >      at processTimers (internal/timers.js:500:7) {"user":"    at processTimers (internal/timers.js:500:7)\r","metadata":{"emulator":{"name":"functions"},"function":{"name":"us-central1-api"},"message":"\u001b[90m> \u001b[39m     at processTimers (internal/timers.js:500:7)\r"}}
[debug] [2021-11-03T12:10:57.708Z] [worker-us-central1-api-cf3d6769-a413-4fef-80c9-d56910854a1b]: exited {"metadata":{"emulator":{"name":"functions"},"message":"[worker-us-central1-api-cf3d6769-a413-4fef-80c9-d56910854a1b]: exited"}}
[debug] [2021-11-03T12:10:57.709Z] [worker-us-central1-api-cf3d6769-a413-4fef-80c9-d56910854a1b]: FINISHED {"metadata":{"emulator":{"name":"functions"},"message":"[worker-us-central1-api-cf3d6769-a413-4fef-80c9-d56910854a1b]: FINISHED"}}
[debug] [2021-11-03T12:10:57.709Z] [work-queue] {"queueLength":0,"workRunningCount":0}
